building the system configuration...
evaluation warning: xdg-desktop-portal 1.17 reworked how portal implementations are loaded, you
                    should either set `xdg.portal.config` or `xdg.portal.configPackages`
                    to specify which portal backend to use for the requested interface.

                    https://github.com/flatpak/xdg-desktop-portal/blob/1.18.1/doc/portals.conf.rst.in

                    If you simply want to keep the behaviour in < 1.17, which uses the first
                    portal implementation found in lexicographical order, use the following:

                    xdg.portal.config.common.default = "*";
these 8 derivations will be built:
  /nix/store/swwnbw08d1sz5fp9jdz9yhi8xvsy1a6z-config.toml.drv
  /nix/store/z133ikkgk9q7sspprqnl2m1m8dfbbcwa-helix-config.toml.drv
  /nix/store/v154yl27bj65h3ypfafn2wcq6ix535ck-home-manager-files.drv
  /nix/store/fxcq7gd9lk2isa0g4c4n5jfkqfcrz0cz-home-manager-generation.drv
  /nix/store/v2vzw3zknrihjwyxn9vkfpibfsxcf8ml-unit-home-manager-chuu.service.drv
  /nix/store/b0wz5b021h32x5akwd57726rp9r4bsrr-system-units.drv
  /nix/store/0nap8jx4f1a5jgnbi5qbs9q70r3shy1a-etc.drv
  /nix/store/8dfh8izvmhnyh3gs9cbkyiyk9sa90v0r-nixos-system-g14-25.05.20250322.1e5b653.drv
building '/nix/store/swwnbw08d1sz5fp9jdz9yhi8xvsy1a6z-config.toml.drv'...
building '/nix/store/z133ikkgk9q7sspprqnl2m1m8dfbbcwa-helix-config.toml.drv'...
building '/nix/store/v154yl27bj65h3ypfafn2wcq6ix535ck-home-manager-files.drv'...
building '/nix/store/fxcq7gd9lk2isa0g4c4n5jfkqfcrz0cz-home-manager-generation.drv'...
building '/nix/store/v2vzw3zknrihjwyxn9vkfpibfsxcf8ml-unit-home-manager-chuu.service.drv'...
building '/nix/store/b0wz5b021h32x5akwd57726rp9r4bsrr-system-units.drv'...
building '/nix/store/0nap8jx4f1a5jgnbi5qbs9q70r3shy1a-etc.drv'...
building '/nix/store/8dfh8izvmhnyh3gs9cbkyiyk9sa90v0r-nixos-system-g14-25.05.20250322.1e5b653.drv'...
activating the configuration...
setting up /etc...
reloading user units for chuu...
restarting sysinit-reactivation.target
the following new units were started: NetworkManager-dispatcher.service, systemd-hibernate-clear.service
Done. The new configuration is /nix/store/q8xg1phw78x2srzrig2yr7a2ylwl2896-nixos-system-g14-25.05.20250322.1e5b653
